<?xml version="1.0" encoding="UTF-8"?>
<!-- Generated by org.testng.reporters.JUnitReportReporter -->
<testsuite hostname="DESKTOP-TTNDD5P" name="com.hybridpro.test.Test1001_VerifyLogin" tests="1" failures="0" timestamp="9 Jun 2019 07:20:02 GMT" time="1.368" errors="0">
  <testcase name="Test1" time="1.368" classname="com.hybridpro.test.Test1001_VerifyLogin"/>
</testsuite> <!-- com.hybridpro.test.Test1001_VerifyLogin -->
